  AssetLoader.cpp
  BungeeSystem.cpp
C:\Users\Blair\Downloads\PhysicsSemester4-Blair_1\Assignment1_Physics\OpenGLEngine\OpenGLEngine\Model.h(3,10): fatal error C1083: Cannot open include file: 'assimp/Importer.hpp': No such file or directory
  Color.cpp
  DragForceSystem.cpp
C:\Users\Blair\Downloads\PhysicsSemester4-Blair_1\Assignment1_Physics\OpenGLEngine\OpenGLEngine\WorldData.h(2,10): fatal error C1083: Cannot open include file: 'glad/glad.h': No such file or directory
  DynamicDirectionalLightSystem.cpp
C:\Users\Blair\Downloads\PhysicsSemester4-Blair_1\Assignment1_Physics\OpenGLEngine\OpenGLEngine\WorldData.h(2,10): fatal error C1083: Cannot open include file: 'glad/glad.h': No such file or directory
  DynamicPointLightSystem.cpp
C:\Users\Blair\Downloads\PhysicsSemester4-Blair_1\Assignment1_Physics\OpenGLEngine\OpenGLEngine\WorldData.h(2,10): fatal error C1083: Cannot open include file: 'glad/glad.h': No such file or directory
  DynamicSpotLightSystem.cpp
C:\Users\Blair\Downloads\PhysicsSemester4-Blair_1\Assignment1_Physics\OpenGLEngine\OpenGLEngine\WorldData.h(2,10): fatal error C1083: Cannot open include file: 'glad/glad.h': No such file or directory
  FireworksSystem.cpp
C:\Users\Blair\Downloads\PhysicsSemester4-Blair_1\Assignment1_Physics\OpenGLEngine\OpenGLEngine\WorldData.h(2,10): fatal error C1083: Cannot open include file: 'glad/glad.h': No such file or directory
  FixedSpringSystem.cpp
C:\Users\Blair\Downloads\PhysicsSemester4-Blair_1\Assignment1_Physics\OpenGLEngine\OpenGLEngine\WorldData.h(2,10): fatal error C1083: Cannot open include file: 'glad/glad.h': No such file or directory
  ForceAccumulatorSystem.cpp
C:\Users\Blair\Downloads\PhysicsSemester4-Blair_1\Assignment1_Physics\OpenGLEngine\OpenGLEngine\WorldData.h(2,10): fatal error C1083: Cannot open include file: 'glad/glad.h': No such file or directory
  FPSControlSystem.cpp
C:\Users\Blair\Downloads\PhysicsSemester4-Blair_1\Assignment1_Physics\OpenGLEngine\OpenGLEngine\WorldData.h(2,10): fatal error C1083: Cannot open include file: 'glad/glad.h': No such file or directory
  GravityForceSystem.cpp
C:\Users\Blair\Downloads\PhysicsSemester4-Blair_1\Assignment1_Physics\OpenGLEngine\OpenGLEngine\WorldData.h(2,10): fatal error C1083: Cannot open include file: 'glad/glad.h': No such file or directory
  InputEventSystem.cpp
C:\Users\Blair\Downloads\PhysicsSemester4-Blair_1\Assignment1_Physics\OpenGLEngine\OpenGLEngine\WorldData.h(2,10): fatal error C1083: Cannot open include file: 'glad/glad.h': No such file or directory
  Main.cpp
C:\Users\Blair\Downloads\PhysicsSemester4-Blair_1\Assignment1_Physics\OpenGLEngine\OpenGLEngine\WorldData.h(2,10): fatal error C1083: Cannot open include file: 'glad/glad.h': No such file or directory
  Material.cpp
C:\Users\Blair\Downloads\PhysicsSemester4-Blair_1\Assignment1_Physics\OpenGLEngine\OpenGLEngine\WorldData.h(2,10): fatal error C1083: Cannot open include file: 'glad/glad.h': No such file or directory
  Mesh.cpp
C:\Users\Blair\Downloads\PhysicsSemester4-Blair_1\Assignment1_Physics\OpenGLEngine\OpenGLEngine\Material.h(3,10): fatal error C1083: Cannot open include file: 'glad/glad.h': No such file or directory
  Component.cpp
  Entity.cpp
C:\Users\Blair\Downloads\PhysicsSemester4-Blair_1\Assignment1_Physics\OpenGLEngine\OpenGLEngine\Mesh.h(2,10): fatal error C1083: Cannot open include file: 'glad/glad.h': No such file or directory
  Event.cpp
C:\Users\Blair\Downloads\PhysicsSemester4-Blair_1\Assignment1_Physics\OpenGLEngine\OpenGLEngine\WorldData.h(2,10): fatal error C1083: Cannot open include file: 'glad/glad.h': No such file or directory
  System.cpp
C:\Users\Blair\Downloads\PhysicsSemester4-Blair_1\Assignment1_Physics\OpenGLEngine\OpenGLEngine\WorldData.h(2,10): fatal error C1083: Cannot open include file: 'glad/glad.h': No such file or directory
  Generating Code...
  Compiling...
  World.cpp
C:\Users\Blair\Downloads\PhysicsSemester4-Blair_1\Assignment1_Physics\OpenGLEngine\OpenGLEngine\WorldData.h(2,10): fatal error C1083: Cannot open include file: 'glad/glad.h': No such file or directory
  Model.cpp
C:\Users\Blair\Downloads\PhysicsSemester4-Blair_1\Assignment1_Physics\OpenGLEngine\OpenGLEngine\WorldData.h(2,10): fatal error C1083: Cannot open include file: 'glad/glad.h': No such file or directory
  PairedSpringSystem.cpp
C:\Users\Blair\Downloads\PhysicsSemester4-Blair_1\Assignment1_Physics\OpenGLEngine\OpenGLEngine\Model.h(3,10): fatal error C1083: Cannot open include file: 'assimp/Importer.hpp': No such file or directory
  ParticleSystem.cpp
C:\Users\Blair\Downloads\PhysicsSemester4-Blair_1\Assignment1_Physics\OpenGLEngine\OpenGLEngine\WorldData.h(2,10): fatal error C1083: Cannot open include file: 'glad/glad.h': No such file or directory
  RenderingSystem.cpp
C:\Users\Blair\Downloads\PhysicsSemester4-Blair_1\Assignment1_Physics\OpenGLEngine\OpenGLEngine\WorldData.h(2,10): fatal error C1083: Cannot open include file: 'glad/glad.h': No such file or directory
  RenderUtil.cpp
C:\Users\Blair\Downloads\PhysicsSemester4-Blair_1\Assignment1_Physics\OpenGLEngine\OpenGLEngine\WorldData.h(2,10): fatal error C1083: Cannot open include file: 'glad/glad.h': No such file or directory
  RotateSystem.cpp
C:\Users\Blair\Downloads\PhysicsSemester4-Blair_1\Assignment1_Physics\OpenGLEngine\OpenGLEngine\RenderUtil.h(2,10): fatal error C1083: Cannot open include file: 'glad/glad.h': No such file or directory
  Shader.cpp
  Texture.cpp
C:\Users\Blair\Downloads\PhysicsSemester4-Blair_1\Assignment1_Physics\OpenGLEngine\OpenGLEngine\WorldData.h(2,10): fatal error C1083: Cannot open include file: 'glad/glad.h': No such file or directory
  Window.cpp
C:\Users\Blair\Downloads\PhysicsSemester4-Blair_1\Assignment1_Physics\OpenGLEngine\OpenGLEngine\Texture.cpp(2,10): fatal error C1083: Cannot open include file: 'glad/glad.h': No such file or directory
  Generating Code...
C:\Users\Blair\Downloads\PhysicsSemester4-Blair_1\Assignment1_Physics\OpenGLEngine\OpenGLEngine\Window.h(2,10): fatal error C1083: Cannot open include file: 'glad/glad.h': No such file or directory
